<?xml version="1.0" encoding="UTF-8"?>
<testsuites name="Register" time="61.582" tests="5" failures="0" errors="0">
   <testsuite name="Register" tests="5" failures="0" errors="0" time="61.582" skipped="0" timestamp="24-01-2024T02:50:17" hostname="ASUS - LAPTOP-KG26F8R4.mshome.net" id="Test Suites/Register">
      <properties>
         <property name="deviceName" value=""/>
         <property name="devicePlatform" value=""/>
         <property name="logFolder" value="C:\\Users\\ASUS\\git\\SSDQAtest\\Reports\\20240124_025011\\Register\\20240124_025011"/>
         <property name="logFiles" value="C:\\Users\\ASUS\\git\\SSDQAtest\\Reports\\20240124_025011\\Register\\20240124_025011\\execution0.log"/>
         <property name="attachments" value=""/>
         <property name="hostName" value="ASUS - LAPTOP-KG26F8R4.mshome.net"/>
         <property name="os" value="Windows 11 64bit"/>
         <property name="katalonVersion" value="9.2.0.212"/>
         <property name="browser" value="Chrome 120.0.0.0"/>
         <property name="hostAddress" value="192.168.137.1"/>
         <property name="sessionId" value="d556e6fe39c84cd6d31aeec382e6eae8"/>
         <property name="seleniumVersion" value="3.141.59"/>
         <property name="proxyInformation" value="ProxyInformation { proxyOption=NO_PROXY, proxyServerType=HTTP, username=, password=********, proxyServerAddress=, proxyServerPort=0, executionList=&quot;&quot;, isApplyToDesiredCapabilities=true }"/>
         <property name="platform" value="Windows 11"/>
      </properties>
      <testcase name="Test Cases/Register/Register - Sucess" time="8.156" classname="Test Cases/Register/Register - Sucess" status="PASSED">
         <system-out><![CDATA[24-01-2024T02:50:17 - [TEST_CASE][PASSED] - Test Cases/Register/Register - Sucess: Test Cases/Register/Register - Sucess

24-01-2024T02:50:17 - [TEST_STEP][PASSED] - openBrowser(""): Browser is opened with url: ''

24-01-2024T02:50:18 - [MESSAGE][INFO] - Starting 'Chrome' driver

24-01-2024T02:50:18 - [MESSAGE][INFO] - Action delay is set to 0 milliseconds

24-01-2024T02:50:20 - [MESSAGE][PASSED] - Browser is opened with url: ''

24-01-2024T02:50:20 - [TEST_STEP][PASSED] - navigateToUrl("https://qa-interview-test-1.vercel.app/"): Navigate to 'https://qa-interview-test-1.vercel.app/' successfully

24-01-2024T02:50:21 - [MESSAGE][PASSED] - Navigate to 'https://qa-interview-test-1.vercel.app/' successfully

24-01-2024T02:50:21 - [TEST_STEP][PASSED] - click(findTestObject("Object Repository/Page_Login Page/a_Register")): Object: 'Object Repository/Page_Login Page/a_Register' is clicked on

24-01-2024T02:50:22 - [MESSAGE][PASSED] - Object: 'Object Repository/Page_Login Page/a_Register' is clicked on

24-01-2024T02:50:22 - [TEST_STEP][PASSED] - setText(findTestObject("Object Repository/Page_Register/input_block px-2 py-3 mt-2 h-52px rounded-l_5154ab"), "safarina lutfiyya"): Text 'safarina lutfiyya' is set on object 'Object Repository/Page_Register/input_block px-2 py-3 mt-2 h-52px rounded-l_5154ab'

24-01-2024T02:50:23 - [MESSAGE][PASSED] - Text 'safarina lutfiyya' is set on object 'Object Repository/Page_Register/input_block px-2 py-3 mt-2 h-52px rounded-l_5154ab'

24-01-2024T02:50:23 - [TEST_STEP][PASSED] - setText(findTestObject("Object Repository/Page_Register/input_block px-2 py-3 mt-2 h-52px rounded-l_5154ab_1"), "safarina01"): Text 'safarina01' is set on object 'Object Repository/Page_Register/input_block px-2 py-3 mt-2 h-52px rounded-l_5154ab_1'

24-01-2024T02:50:23 - [MESSAGE][PASSED] - Text 'safarina01' is set on object 'Object Repository/Page_Register/input_block px-2 py-3 mt-2 h-52px rounded-l_5154ab_1'

24-01-2024T02:50:23 - [TEST_STEP][PASSED] - setText(findTestObject("Object Repository/Page_Register/input_block px-2 py-3 mt-2 h-52px rounded-l_5154ab_1_2"), "safarinalutfi01"): Text 'safarinalutfi01' is set on object 'Object Repository/Page_Register/input_block px-2 py-3 mt-2 h-52px rounded-l_5154ab_1_2'

24-01-2024T02:50:24 - [MESSAGE][PASSED] - Text 'safarinalutfi01' is set on object 'Object Repository/Page_Register/input_block px-2 py-3 mt-2 h-52px rounded-l_5154ab_1_2'

24-01-2024T02:50:24 - [TEST_STEP][PASSED] - setText(findTestObject("Object Repository/Page_Register/input_block px-2 py-3 mt-2 h-52px rounded-l_5154ab_1_2_3"), "safarinalutfi01"): Text 'safarinalutfi01' is set on object 'Object Repository/Page_Register/input_block px-2 py-3 mt-2 h-52px rounded-l_5154ab_1_2_3'

24-01-2024T02:50:25 - [MESSAGE][PASSED] - Text 'safarinalutfi01' is set on object 'Object Repository/Page_Register/input_block px-2 py-3 mt-2 h-52px rounded-l_5154ab_1_2_3'

24-01-2024T02:50:25 - [TEST_STEP][PASSED] - click(findTestObject("Object Repository/Page_Register/button_Register")): Object: 'Object Repository/Page_Register/button_Register' is clicked on

24-01-2024T02:50:25 - [MESSAGE][PASSED] - Object: 'Object Repository/Page_Register/button_Register' is clicked on]]></system-out>
         <system-err><![CDATA[]]></system-err>
      </testcase>
      <testcase name="Test Cases/Register/Register - Required field fill blank" time="34.724" classname="Test Cases/Register/Register - Required field fill blank" status="PASSED">
         <system-out><![CDATA[24-01-2024T02:50:25 - [TEST_CASE][PASSED] - Test Cases/Register/Register - Required field fill blank: Test Cases/Register/Register - Required field fill blank

24-01-2024T02:50:25 - [TEST_STEP][PASSED] - openBrowser(""): Browser is opened with url: ''

24-01-2024T02:50:25 - [MESSAGE][WARNING] - A browser is already opened. Closing browser and opening a new one

24-01-2024T02:50:26 - [MESSAGE][INFO] - Starting 'Chrome' driver

24-01-2024T02:50:26 - [MESSAGE][INFO] - Action delay is set to 0 milliseconds

24-01-2024T02:50:27 - [MESSAGE][PASSED] - Browser is opened with url: ''

24-01-2024T02:50:27 - [TEST_STEP][PASSED] - navigateToUrl("https://qa-interview-test-1.vercel.app/"): Navigate to 'https://qa-interview-test-1.vercel.app/' successfully

24-01-2024T02:50:28 - [MESSAGE][PASSED] - Navigate to 'https://qa-interview-test-1.vercel.app/' successfully

24-01-2024T02:50:28 - [TEST_STEP][PASSED] - click(findTestObject("Object Repository/Page_Register/button_Register")): Object: 'Object Repository/Page_Register/button_Register' is clicked on

24-01-2024T02:50:59 - [MESSAGE][INFO] - Unable to find the element located by 'By.xpath: //div[@id='__next']/div/main/form/section/button'. Please recheck the objects properties to make sure the desired element is located. 

24-01-2024T02:50:59 - [MESSAGE][WARNING] - [SELF-HEALING] Failed to find element with id 'Object Repository/Page_Register/button_Register'. Try using Self-healing.

24-01-2024T02:50:59 - [MESSAGE][INFO] - [SELF-HEALING] Failed Locator: '//div[@id='__next']/div/main/form/section/button'.

24-01-2024T02:50:59 - [MESSAGE][INFO] - [SELF-HEALING] Working Locator: '//button'.

24-01-2024T02:51:00 - [MESSAGE][INFO] - [SELF-HEALING] Screenshot: C:/Users/ASUS/git/SSDQAtest/Reports/Self-healing/Object Repository/Page_Register/button_Register_position.png

24-01-2024T02:51:00 - [MESSAGE][WARNING] - [SELF-HEALING] The current locator of test object 'Object Repository/Page_Register/button_Register' was broken. Propose an alternative one: '//button'.

24-01-2024T02:51:00 - [MESSAGE][PASSED] - Object: 'Object Repository/Page_Register/button_Register' is clicked on]]></system-out>
         <system-err><![CDATA[]]></system-err>
      </testcase>
      <testcase name="Test Cases/Register/Register - Required field fill with space" time="6.283" classname="Test Cases/Register/Register - Required field fill with space" status="PASSED">
         <system-out><![CDATA[24-01-2024T02:51:00 - [TEST_CASE][PASSED] - Test Cases/Register/Register - Required field fill with space: Test Cases/Register/Register - Required field fill with space

24-01-2024T02:51:00 - [TEST_STEP][PASSED] - openBrowser(""): Browser is opened with url: ''

24-01-2024T02:51:00 - [MESSAGE][WARNING] - A browser is already opened. Closing browser and opening a new one

24-01-2024T02:51:01 - [MESSAGE][INFO] - Starting 'Chrome' driver

24-01-2024T02:51:01 - [MESSAGE][INFO] - Action delay is set to 0 milliseconds

24-01-2024T02:51:02 - [MESSAGE][PASSED] - Browser is opened with url: ''

24-01-2024T02:51:02 - [TEST_STEP][PASSED] - navigateToUrl("https://qa-interview-test-1.vercel.app/"): Navigate to 'https://qa-interview-test-1.vercel.app/' successfully

24-01-2024T02:51:02 - [MESSAGE][PASSED] - Navigate to 'https://qa-interview-test-1.vercel.app/' successfully

24-01-2024T02:51:02 - [TEST_STEP][PASSED] - click(findTestObject("Object Repository/Page_Login Page/a_Register")): Object: 'Object Repository/Page_Login Page/a_Register' is clicked on

24-01-2024T02:51:03 - [MESSAGE][PASSED] - Object: 'Object Repository/Page_Login Page/a_Register' is clicked on

24-01-2024T02:51:03 - [TEST_STEP][PASSED] - setText(findTestObject("Object Repository/Page_Register/input_block px-2 py-3 mt-2 h-52px rounded-l_5154ab"), " "): Text ' ' is set on object 'Object Repository/Page_Register/input_block px-2 py-3 mt-2 h-52px rounded-l_5154ab'

24-01-2024T02:51:04 - [MESSAGE][PASSED] - Text ' ' is set on object 'Object Repository/Page_Register/input_block px-2 py-3 mt-2 h-52px rounded-l_5154ab'

24-01-2024T02:51:04 - [TEST_STEP][PASSED] - setText(findTestObject("Object Repository/Page_Register/input_block px-2 py-3 mt-2 h-52px rounded-l_5154ab_1"), " "): Text ' ' is set on object 'Object Repository/Page_Register/input_block px-2 py-3 mt-2 h-52px rounded-l_5154ab_1'

24-01-2024T02:51:04 - [MESSAGE][PASSED] - Text ' ' is set on object 'Object Repository/Page_Register/input_block px-2 py-3 mt-2 h-52px rounded-l_5154ab_1'

24-01-2024T02:51:04 - [TEST_STEP][PASSED] - setText(findTestObject("Object Repository/Page_Register/input_block px-2 py-3 mt-2 h-52px rounded-l_5154ab_1_2"), " "): Text ' ' is set on object 'Object Repository/Page_Register/input_block px-2 py-3 mt-2 h-52px rounded-l_5154ab_1_2'

24-01-2024T02:51:05 - [MESSAGE][PASSED] - Text ' ' is set on object 'Object Repository/Page_Register/input_block px-2 py-3 mt-2 h-52px rounded-l_5154ab_1_2'

24-01-2024T02:51:05 - [TEST_STEP][PASSED] - setText(findTestObject("Object Repository/Page_Register/input_block px-2 py-3 mt-2 h-52px rounded-l_5154ab_1_2_3"), " "): Text ' ' is set on object 'Object Repository/Page_Register/input_block px-2 py-3 mt-2 h-52px rounded-l_5154ab_1_2_3'

24-01-2024T02:51:06 - [MESSAGE][PASSED] - Text ' ' is set on object 'Object Repository/Page_Register/input_block px-2 py-3 mt-2 h-52px rounded-l_5154ab_1_2_3'

24-01-2024T02:51:06 - [TEST_STEP][PASSED] - click(findTestObject("Object Repository/Page_Register/button_Register")): Object: 'Object Repository/Page_Register/button_Register' is clicked on

24-01-2024T02:51:06 - [MESSAGE][PASSED] - Object: 'Object Repository/Page_Register/button_Register' is clicked on]]></system-out>
         <system-err><![CDATA[]]></system-err>
      </testcase>
      <testcase name="Test Cases/Register/Register - Name contains special characters" time="6.085" classname="Test Cases/Register/Register - Name contains special characters" status="PASSED">
         <system-out><![CDATA[24-01-2024T02:51:06 - [TEST_CASE][PASSED] - Test Cases/Register/Register - Name contains special characters: Test Cases/Register/Register - Name contains special characters

24-01-2024T02:51:06 - [TEST_STEP][PASSED] - openBrowser(""): Browser is opened with url: ''

24-01-2024T02:51:06 - [MESSAGE][WARNING] - A browser is already opened. Closing browser and opening a new one

24-01-2024T02:51:07 - [MESSAGE][INFO] - Starting 'Chrome' driver

24-01-2024T02:51:07 - [MESSAGE][INFO] - Action delay is set to 0 milliseconds

24-01-2024T02:51:08 - [MESSAGE][PASSED] - Browser is opened with url: ''

24-01-2024T02:51:08 - [TEST_STEP][PASSED] - navigateToUrl("https://qa-interview-test-1.vercel.app/"): Navigate to 'https://qa-interview-test-1.vercel.app/' successfully

24-01-2024T02:51:08 - [MESSAGE][PASSED] - Navigate to 'https://qa-interview-test-1.vercel.app/' successfully

24-01-2024T02:51:08 - [TEST_STEP][PASSED] - click(findTestObject("Object Repository/Page_Login Page/a_Register")): Object: 'Object Repository/Page_Login Page/a_Register' is clicked on

24-01-2024T02:51:09 - [MESSAGE][PASSED] - Object: 'Object Repository/Page_Login Page/a_Register' is clicked on

24-01-2024T02:51:09 - [TEST_STEP][PASSED] - setText(findTestObject("Object Repository/Page_Register/input_block px-2 py-3 mt-2 h-52px rounded-l_5154ab"), "safarina lutfi01:&"): Text 'safarina lutfi01:&' is set on object 'Object Repository/Page_Register/input_block px-2 py-3 mt-2 h-52px rounded-l_5154ab'

24-01-2024T02:51:10 - [MESSAGE][PASSED] - Text 'safarina lutfi01:&' is set on object 'Object Repository/Page_Register/input_block px-2 py-3 mt-2 h-52px rounded-l_5154ab'

24-01-2024T02:51:10 - [TEST_STEP][PASSED] - setText(findTestObject("Object Repository/Page_Register/input_block px-2 py-3 mt-2 h-52px rounded-l_5154ab_1"), "safarinalutfi"): Text 'safarinalutfi' is set on object 'Object Repository/Page_Register/input_block px-2 py-3 mt-2 h-52px rounded-l_5154ab_1'

24-01-2024T02:51:10 - [MESSAGE][PASSED] - Text 'safarinalutfi' is set on object 'Object Repository/Page_Register/input_block px-2 py-3 mt-2 h-52px rounded-l_5154ab_1'

24-01-2024T02:51:10 - [TEST_STEP][PASSED] - setText(findTestObject("Object Repository/Page_Register/input_block px-2 py-3 mt-2 h-52px rounded-l_5154ab_1_2"), "safarina01"): Text 'safarina01' is set on object 'Object Repository/Page_Register/input_block px-2 py-3 mt-2 h-52px rounded-l_5154ab_1_2'

24-01-2024T02:51:11 - [MESSAGE][PASSED] - Text 'safarina01' is set on object 'Object Repository/Page_Register/input_block px-2 py-3 mt-2 h-52px rounded-l_5154ab_1_2'

24-01-2024T02:51:11 - [TEST_STEP][PASSED] - setText(findTestObject("Object Repository/Page_Register/input_block px-2 py-3 mt-2 h-52px rounded-l_5154ab_1_2_3"), "safarina01"): Text 'safarina01' is set on object 'Object Repository/Page_Register/input_block px-2 py-3 mt-2 h-52px rounded-l_5154ab_1_2_3'

24-01-2024T02:51:12 - [MESSAGE][PASSED] - Text 'safarina01' is set on object 'Object Repository/Page_Register/input_block px-2 py-3 mt-2 h-52px rounded-l_5154ab_1_2_3'

24-01-2024T02:51:12 - [TEST_STEP][PASSED] - click(findTestObject("Object Repository/Page_Register/button_Register")): Object: 'Object Repository/Page_Register/button_Register' is clicked on

24-01-2024T02:51:12 - [MESSAGE][PASSED] - Object: 'Object Repository/Page_Register/button_Register' is clicked on]]></system-out>
         <system-err><![CDATA[]]></system-err>
      </testcase>
      <testcase name="Test Cases/Register/Register - Password doesnt match with confirm password" time="6.044" classname="Test Cases/Register/Register - Password doesnt match with confirm password" status="PASSED">
         <system-out><![CDATA[24-01-2024T02:51:12 - [TEST_CASE][PASSED] - Test Cases/Register/Register - Password doesnt match with confirm password: Test Cases/Register/Register - Password doesnt match with confirm password

24-01-2024T02:51:12 - [TEST_STEP][PASSED] - openBrowser(""): Browser is opened with url: ''

24-01-2024T02:51:12 - [MESSAGE][WARNING] - A browser is already opened. Closing browser and opening a new one

24-01-2024T02:51:13 - [MESSAGE][INFO] - Starting 'Chrome' driver

24-01-2024T02:51:13 - [MESSAGE][INFO] - Action delay is set to 0 milliseconds

24-01-2024T02:51:14 - [MESSAGE][PASSED] - Browser is opened with url: ''

24-01-2024T02:51:14 - [TEST_STEP][PASSED] - navigateToUrl("https://qa-interview-test-1.vercel.app/"): Navigate to 'https://qa-interview-test-1.vercel.app/' successfully

24-01-2024T02:51:14 - [MESSAGE][PASSED] - Navigate to 'https://qa-interview-test-1.vercel.app/' successfully

24-01-2024T02:51:14 - [TEST_STEP][PASSED] - click(findTestObject("Object Repository/Page_Login Page/a_Register")): Object: 'Object Repository/Page_Login Page/a_Register' is clicked on

24-01-2024T02:51:15 - [MESSAGE][PASSED] - Object: 'Object Repository/Page_Login Page/a_Register' is clicked on

24-01-2024T02:51:15 - [TEST_STEP][PASSED] - setText(findTestObject("Object Repository/Page_Register/input_block px-2 py-3 mt-2 h-52px rounded-l_5154ab"), "safarina lutfi"): Text 'safarina lutfi' is set on object 'Object Repository/Page_Register/input_block px-2 py-3 mt-2 h-52px rounded-l_5154ab'

24-01-2024T02:51:16 - [MESSAGE][PASSED] - Text 'safarina lutfi' is set on object 'Object Repository/Page_Register/input_block px-2 py-3 mt-2 h-52px rounded-l_5154ab'

24-01-2024T02:51:16 - [TEST_STEP][PASSED] - setText(findTestObject("Object Repository/Page_Register/input_block px-2 py-3 mt-2 h-52px rounded-l_5154ab_1"), "safarina01"): Text 'safarina01' is set on object 'Object Repository/Page_Register/input_block px-2 py-3 mt-2 h-52px rounded-l_5154ab_1'

24-01-2024T02:51:17 - [MESSAGE][PASSED] - Text 'safarina01' is set on object 'Object Repository/Page_Register/input_block px-2 py-3 mt-2 h-52px rounded-l_5154ab_1'

24-01-2024T02:51:17 - [TEST_STEP][PASSED] - setText(findTestObject("Object Repository/Page_Register/input_block px-2 py-3 mt-2 h-52px rounded-l_5154ab_1_2"), "safarina01"): Text 'safarina01' is set on object 'Object Repository/Page_Register/input_block px-2 py-3 mt-2 h-52px rounded-l_5154ab_1_2'

24-01-2024T02:51:17 - [MESSAGE][PASSED] - Text 'safarina01' is set on object 'Object Repository/Page_Register/input_block px-2 py-3 mt-2 h-52px rounded-l_5154ab_1_2'

24-01-2024T02:51:17 - [TEST_STEP][PASSED] - setText(findTestObject("Object Repository/Page_Register/input_block px-2 py-3 mt-2 h-52px rounded-l_5154ab_1_2_3"), "safarina02"): Text 'safarina02' is set on object 'Object Repository/Page_Register/input_block px-2 py-3 mt-2 h-52px rounded-l_5154ab_1_2_3'

24-01-2024T02:51:18 - [MESSAGE][PASSED] - Text 'safarina02' is set on object 'Object Repository/Page_Register/input_block px-2 py-3 mt-2 h-52px rounded-l_5154ab_1_2_3'

24-01-2024T02:51:18 - [TEST_STEP][PASSED] - click(findTestObject("Object Repository/Page_Register/button_Register")): Object: 'Object Repository/Page_Register/button_Register' is clicked on

24-01-2024T02:51:18 - [MESSAGE][PASSED] - Object: 'Object Repository/Page_Register/button_Register' is clicked on]]></system-out>
         <system-err><![CDATA[]]></system-err>
      </testcase>
      <system-out><![CDATA[24-01-2024T02:50:17 - [TEST_SUITE][PASSED] - Register: Test Cases/Register/Register - Password doesnt match with confirm password]]></system-out>
      <system-err><![CDATA[]]></system-err>
   </testsuite>
</testsuites>
