<?xml version="1.0" encoding="UTF-8"?>
<testsuites name="Login" time="9.806" tests="2" failures="0" errors="0">
   <testsuite name="Login" tests="2" failures="0" errors="0" time="9.806" skipped="0" timestamp="24-01-2024T03:00:31" hostname="ASUS - LAPTOP-KG26F8R4.mshome.net" id="Test Suites/Login">
      <properties>
         <property name="deviceName" value=""/>
         <property name="devicePlatform" value=""/>
         <property name="logFolder" value="C:\\Users\\ASUS\\git\\SSDQAtest\\Reports\\20240124_030026\\Login\\20240124_030026"/>
         <property name="logFiles" value="C:\\Users\\ASUS\\git\\SSDQAtest\\Reports\\20240124_030026\\Login\\20240124_030026\\execution0.log"/>
         <property name="attachments" value=""/>
         <property name="hostName" value="ASUS - LAPTOP-KG26F8R4.mshome.net"/>
         <property name="os" value="Windows 11 64bit"/>
         <property name="katalonVersion" value="9.2.0.212"/>
         <property name="browser" value="Chrome 120.0.0.0"/>
         <property name="hostAddress" value="192.168.137.1"/>
         <property name="sessionId" value="ee338a014053cd99d18a1af32d00ebf7"/>
         <property name="seleniumVersion" value="3.141.59"/>
         <property name="proxyInformation" value="ProxyInformation { proxyOption=NO_PROXY, proxyServerType=HTTP, username=, password=********, proxyServerAddress=, proxyServerPort=0, executionList=&quot;&quot;, isApplyToDesiredCapabilities=true }"/>
         <property name="platform" value="Windows 11"/>
      </properties>
      <testcase name="Test Cases/Login/Login - Sucess" time="5.467" classname="Test Cases/Login/Login - Sucess" status="PASSED">
         <system-out><![CDATA[24-01-2024T03:00:32 - [TEST_CASE][PASSED] - Test Cases/Login/Login - Sucess: Test Cases/Login/Login - Sucess

24-01-2024T03:00:32 - [TEST_STEP][PASSED] - openBrowser(""): Browser is opened with url: ''

24-01-2024T03:00:32 - [MESSAGE][INFO] - Starting 'Chrome' driver

24-01-2024T03:00:32 - [MESSAGE][INFO] - Action delay is set to 0 milliseconds

24-01-2024T03:00:34 - [MESSAGE][PASSED] - Browser is opened with url: ''

24-01-2024T03:00:34 - [TEST_STEP][PASSED] - navigateToUrl("https://qa-interview-test-1.vercel.app/"): Navigate to 'https://qa-interview-test-1.vercel.app/' successfully

24-01-2024T03:00:35 - [MESSAGE][PASSED] - Navigate to 'https://qa-interview-test-1.vercel.app/' successfully

24-01-2024T03:00:35 - [TEST_STEP][PASSED] - setText(findTestObject("Object Repository/Page_Login Page/input_block px-2 py-3 mt-2 h-52px rounded-l_5154ab"), "safarina01"): Text 'safarina01' is set on object 'Object Repository/Page_Login Page/input_block px-2 py-3 mt-2 h-52px rounded-l_5154ab'

24-01-2024T03:00:36 - [MESSAGE][PASSED] - Text 'safarina01' is set on object 'Object Repository/Page_Login Page/input_block px-2 py-3 mt-2 h-52px rounded-l_5154ab'

24-01-2024T03:00:36 - [TEST_STEP][PASSED] - setText(findTestObject("Object Repository/Page_Login Page/input_block px-2 py-3 mt-2 h-52px rounded-l_5154ab_1"), "safarinalutfi01"): Text 'safarinalutfi01' is set on object 'Object Repository/Page_Login Page/input_block px-2 py-3 mt-2 h-52px rounded-l_5154ab_1'

24-01-2024T03:00:37 - [MESSAGE][PASSED] - Text 'safarinalutfi01' is set on object 'Object Repository/Page_Login Page/input_block px-2 py-3 mt-2 h-52px rounded-l_5154ab_1'

24-01-2024T03:00:37 - [TEST_STEP][PASSED] - click(findTestObject("Object Repository/Page_Login Page/button_Login")): Object: 'Object Repository/Page_Login Page/button_Login' is clicked on

24-01-2024T03:00:37 - [MESSAGE][PASSED] - Object: 'Object Repository/Page_Login Page/button_Login' is clicked on]]></system-out>
         <system-err><![CDATA[]]></system-err>
      </testcase>
      <testcase name="Test Cases/Login/Login - Unregistered username" time="4.085" classname="Test Cases/Login/Login - Unregistered username" status="PASSED">
         <system-out><![CDATA[24-01-2024T03:00:37 - [TEST_CASE][PASSED] - Test Cases/Login/Login - Unregistered username: Test Cases/Login/Login - Unregistered username

24-01-2024T03:00:37 - [TEST_STEP][PASSED] - openBrowser(""): Browser is opened with url: ''

24-01-2024T03:00:37 - [MESSAGE][WARNING] - A browser is already opened. Closing browser and opening a new one

24-01-2024T03:00:38 - [MESSAGE][INFO] - Starting 'Chrome' driver

24-01-2024T03:00:38 - [MESSAGE][INFO] - Action delay is set to 0 milliseconds

24-01-2024T03:00:39 - [MESSAGE][PASSED] - Browser is opened with url: ''

24-01-2024T03:00:39 - [TEST_STEP][PASSED] - navigateToUrl("https://qa-interview-test-1.vercel.app/"): Navigate to 'https://qa-interview-test-1.vercel.app/' successfully

24-01-2024T03:00:39 - [MESSAGE][PASSED] - Navigate to 'https://qa-interview-test-1.vercel.app/' successfully

24-01-2024T03:00:39 - [TEST_STEP][PASSED] - setText(findTestObject("Object Repository/Page_Login Page/input_block px-2 py-3 mt-2 h-52px rounded-l_5154ab"), "safarina02"): Text 'safarina02' is set on object 'Object Repository/Page_Login Page/input_block px-2 py-3 mt-2 h-52px rounded-l_5154ab'

24-01-2024T03:00:40 - [MESSAGE][PASSED] - Text 'safarina02' is set on object 'Object Repository/Page_Login Page/input_block px-2 py-3 mt-2 h-52px rounded-l_5154ab'

24-01-2024T03:00:40 - [TEST_STEP][PASSED] - setText(findTestObject("Object Repository/Page_Login Page/input_block px-2 py-3 mt-2 h-52px rounded-l_5154ab_1"), "safarinalutfi02"): Text 'safarinalutfi02' is set on object 'Object Repository/Page_Login Page/input_block px-2 py-3 mt-2 h-52px rounded-l_5154ab_1'

24-01-2024T03:00:41 - [MESSAGE][PASSED] - Text 'safarinalutfi02' is set on object 'Object Repository/Page_Login Page/input_block px-2 py-3 mt-2 h-52px rounded-l_5154ab_1'

24-01-2024T03:00:41 - [TEST_STEP][PASSED] - click(findTestObject("Object Repository/Page_Login Page/button_Login")): Object: 'Object Repository/Page_Login Page/button_Login' is clicked on

24-01-2024T03:00:41 - [MESSAGE][PASSED] - Object: 'Object Repository/Page_Login Page/button_Login' is clicked on]]></system-out>
         <system-err><![CDATA[]]></system-err>
      </testcase>
      <system-out><![CDATA[24-01-2024T03:00:31 - [TEST_SUITE][PASSED] - Login: Test Cases/Login/Login - Unregistered username]]></system-out>
      <system-err><![CDATA[]]></system-err>
   </testsuite>
</testsuites>
