<?xml version="1.0" encoding="UTF-8"?>
<testsuites name="View Catalogue" time="10.913" tests="1" failures="0" errors="0">
   <testsuite name="View Catalogue" tests="1" failures="0" errors="0" time="10.913" skipped="0" timestamp="24-01-2024T03:01:00" hostname="ASUS - LAPTOP-KG26F8R4.mshome.net" id="Test Suites/View Catalogue">
      <properties>
         <property name="deviceName" value=""/>
         <property name="devicePlatform" value=""/>
         <property name="logFolder" value="C:\\Users\\ASUS\\git\\SSDQAtest\\Reports\\20240124_030055\\View Catalogue\\20240124_030055"/>
         <property name="logFiles" value="C:\\Users\\ASUS\\git\\SSDQAtest\\Reports\\20240124_030055\\View Catalogue\\20240124_030055\\execution0.log"/>
         <property name="attachments" value=""/>
         <property name="hostName" value="ASUS - LAPTOP-KG26F8R4.mshome.net"/>
         <property name="os" value="Windows 11 64bit"/>
         <property name="katalonVersion" value="9.2.0.212"/>
         <property name="browser" value="Chrome 120.0.0.0"/>
         <property name="hostAddress" value="192.168.137.1"/>
         <property name="sessionId" value="f3cc4b8fa74f8eb075ab5263dc173da3"/>
         <property name="seleniumVersion" value="3.141.59"/>
         <property name="proxyInformation" value="ProxyInformation { proxyOption=NO_PROXY, proxyServerType=HTTP, username=, password=********, proxyServerAddress=, proxyServerPort=0, executionList=&quot;&quot;, isApplyToDesiredCapabilities=true }"/>
         <property name="platform" value="Windows 11"/>
      </properties>
      <testcase name="Test Cases/View Catalogue" time="10.647" classname="Test Cases/View Catalogue" status="PASSED">
         <system-out><![CDATA[24-01-2024T03:01:01 - [TEST_CASE][PASSED] - Test Cases/View Catalogue: Test Cases/View Catalogue

24-01-2024T03:01:01 - [TEST_STEP][PASSED] - openBrowser(""): Browser is opened with url: ''

24-01-2024T03:01:01 - [MESSAGE][INFO] - Starting 'Chrome' driver

24-01-2024T03:01:02 - [MESSAGE][INFO] - Action delay is set to 0 milliseconds

24-01-2024T03:01:04 - [MESSAGE][PASSED] - Browser is opened with url: ''

24-01-2024T03:01:04 - [TEST_STEP][PASSED] - navigateToUrl("https://qa-interview-test-1.vercel.app/"): Navigate to 'https://qa-interview-test-1.vercel.app/' successfully

24-01-2024T03:01:04 - [MESSAGE][PASSED] - Navigate to 'https://qa-interview-test-1.vercel.app/' successfully

24-01-2024T03:01:04 - [TEST_STEP][PASSED] - click(findTestObject("Object Repository/Page_Login Page/a_Register")): Object: 'Object Repository/Page_Login Page/a_Register' is clicked on

24-01-2024T03:01:05 - [MESSAGE][PASSED] - Object: 'Object Repository/Page_Login Page/a_Register' is clicked on

24-01-2024T03:01:05 - [TEST_STEP][PASSED] - setText(findTestObject("Object Repository/Page_Register/input_block px-2 py-3 mt-2 h-52px rounded-l_5154ab"), "safarina lutfiyya"): Text 'safarina lutfiyya' is set on object 'Object Repository/Page_Register/input_block px-2 py-3 mt-2 h-52px rounded-l_5154ab'

24-01-2024T03:01:06 - [MESSAGE][PASSED] - Text 'safarina lutfiyya' is set on object 'Object Repository/Page_Register/input_block px-2 py-3 mt-2 h-52px rounded-l_5154ab'

24-01-2024T03:01:06 - [TEST_STEP][PASSED] - setText(findTestObject("Object Repository/Page_Register/input_block px-2 py-3 mt-2 h-52px rounded-l_5154ab_1"), "safarina01"): Text 'safarina01' is set on object 'Object Repository/Page_Register/input_block px-2 py-3 mt-2 h-52px rounded-l_5154ab_1'

24-01-2024T03:01:06 - [MESSAGE][PASSED] - Text 'safarina01' is set on object 'Object Repository/Page_Register/input_block px-2 py-3 mt-2 h-52px rounded-l_5154ab_1'

24-01-2024T03:01:06 - [TEST_STEP][PASSED] - setText(findTestObject("Object Repository/Page_Register/input_block px-2 py-3 mt-2 h-52px rounded-l_5154ab_1_2"), "safarinalutfi01"): Text 'safarinalutfi01' is set on object 'Object Repository/Page_Register/input_block px-2 py-3 mt-2 h-52px rounded-l_5154ab_1_2'

24-01-2024T03:01:07 - [MESSAGE][PASSED] - Text 'safarinalutfi01' is set on object 'Object Repository/Page_Register/input_block px-2 py-3 mt-2 h-52px rounded-l_5154ab_1_2'

24-01-2024T03:01:07 - [TEST_STEP][PASSED] - setText(findTestObject("Object Repository/Page_Register/input_block px-2 py-3 mt-2 h-52px rounded-l_5154ab_1_2_3"), "safarinalutfi01"): Text 'safarinalutfi01' is set on object 'Object Repository/Page_Register/input_block px-2 py-3 mt-2 h-52px rounded-l_5154ab_1_2_3'

24-01-2024T03:01:08 - [MESSAGE][PASSED] - Text 'safarinalutfi01' is set on object 'Object Repository/Page_Register/input_block px-2 py-3 mt-2 h-52px rounded-l_5154ab_1_2_3'

24-01-2024T03:01:08 - [TEST_STEP][PASSED] - click(findTestObject("Object Repository/Page_Register/button_Register")): Object: 'Object Repository/Page_Register/button_Register' is clicked on

24-01-2024T03:01:08 - [MESSAGE][PASSED] - Object: 'Object Repository/Page_Register/button_Register' is clicked on

24-01-2024T03:01:08 - [TEST_STEP][PASSED] - click(findTestObject("Object Repository/Page_Register/a_Login")): Object: 'Object Repository/Page_Register/a_Login' is clicked on

24-01-2024T03:01:09 - [MESSAGE][PASSED] - Object: 'Object Repository/Page_Register/a_Login' is clicked on

24-01-2024T03:01:09 - [TEST_STEP][PASSED] - setText(findTestObject("Object Repository/Page_Login Page/input_block px-2 py-3 mt-2 h-52px rounded-l_5154ab"), "safarina01"): Text 'safarina01' is set on object 'Object Repository/Page_Login Page/input_block px-2 py-3 mt-2 h-52px rounded-l_5154ab'

24-01-2024T03:01:10 - [MESSAGE][PASSED] - Text 'safarina01' is set on object 'Object Repository/Page_Login Page/input_block px-2 py-3 mt-2 h-52px rounded-l_5154ab'

24-01-2024T03:01:10 - [TEST_STEP][PASSED] - setText(findTestObject("Object Repository/Page_Login Page/input_block px-2 py-3 mt-2 h-52px rounded-l_5154ab_1"), "safarinalutfi01"): Text 'safarinalutfi01' is set on object 'Object Repository/Page_Login Page/input_block px-2 py-3 mt-2 h-52px rounded-l_5154ab_1'

24-01-2024T03:01:10 - [MESSAGE][PASSED] - Text 'safarinalutfi01' is set on object 'Object Repository/Page_Login Page/input_block px-2 py-3 mt-2 h-52px rounded-l_5154ab_1'

24-01-2024T03:01:10 - [TEST_STEP][PASSED] - click(findTestObject("Object Repository/Page_Login Page/button_Login")): Object: 'Object Repository/Page_Login Page/button_Login' is clicked on

24-01-2024T03:01:11 - [MESSAGE][PASSED] - Object: 'Object Repository/Page_Login Page/button_Login' is clicked on

24-01-2024T03:01:11 - [TEST_STEP][PASSED] - click(findTestObject("Object Repository/Page_Dashboard/button_Lihat katalog")): Object: 'Object Repository/Page_Dashboard/button_Lihat katalog' is clicked on

24-01-2024T03:01:11 - [MESSAGE][PASSED] - Object: 'Object Repository/Page_Dashboard/button_Lihat katalog' is clicked on]]></system-out>
         <system-err><![CDATA[]]></system-err>
      </testcase>
      <system-out><![CDATA[24-01-2024T03:01:00 - [TEST_SUITE][PASSED] - View Catalogue: Test Cases/View Catalogue]]></system-out>
      <system-err><![CDATA[]]></system-err>
   </testsuite>
</testsuites>
