<?xml version="1.0" encoding="UTF-8"?>
<testsuites name="Register" time="59.637" tests="5" failures="0" errors="0">
   <testsuite name="Register" tests="5" failures="0" errors="0" time="59.637" skipped="0" timestamp="24-01-2024T02:58:56" hostname="ASUS - LAPTOP-KG26F8R4.mshome.net" id="Test Suites/Register">
      <properties>
         <property name="deviceName" value=""/>
         <property name="devicePlatform" value=""/>
         <property name="logFolder" value="C:\\Users\\ASUS\\git\\SSDQAtest\\Reports\\20240124_025851\\Register\\20240124_025851"/>
         <property name="logFiles" value="C:\\Users\\ASUS\\git\\SSDQAtest\\Reports\\20240124_025851\\Register\\20240124_025851\\execution0.log"/>
         <property name="attachments" value=""/>
         <property name="hostName" value="ASUS - LAPTOP-KG26F8R4.mshome.net"/>
         <property name="os" value="Windows 11 64bit"/>
         <property name="katalonVersion" value="9.2.0.212"/>
         <property name="browser" value="Chrome 120.0.0.0"/>
         <property name="hostAddress" value="192.168.137.1"/>
         <property name="sessionId" value="8328ea8b5cf5e42ef3a116b12d78fc26"/>
         <property name="seleniumVersion" value="3.141.59"/>
         <property name="proxyInformation" value="ProxyInformation { proxyOption=NO_PROXY, proxyServerType=HTTP, username=, password=********, proxyServerAddress=, proxyServerPort=0, executionList=&quot;&quot;, isApplyToDesiredCapabilities=true }"/>
         <property name="platform" value="Windows 11"/>
      </properties>
      <testcase name="Test Cases/Register/Register - Sucess" time="7.781" classname="Test Cases/Register/Register - Sucess" status="PASSED">
         <system-out><![CDATA[24-01-2024T02:58:56 - [TEST_CASE][PASSED] - Test Cases/Register/Register - Sucess: Test Cases/Register/Register - Sucess

24-01-2024T02:58:57 - [TEST_STEP][PASSED] - openBrowser(""): Browser is opened with url: ''

24-01-2024T02:58:57 - [MESSAGE][INFO] - Starting 'Chrome' driver

24-01-2024T02:58:57 - [MESSAGE][INFO] - Action delay is set to 0 milliseconds

24-01-2024T02:58:59 - [MESSAGE][PASSED] - Browser is opened with url: ''

24-01-2024T02:58:59 - [TEST_STEP][PASSED] - navigateToUrl("https://qa-interview-test-1.vercel.app/"): Navigate to 'https://qa-interview-test-1.vercel.app/' successfully

24-01-2024T02:59:00 - [MESSAGE][PASSED] - Navigate to 'https://qa-interview-test-1.vercel.app/' successfully

24-01-2024T02:59:00 - [TEST_STEP][PASSED] - click(findTestObject("Object Repository/Page_Login Page/a_Register")): Object: 'Object Repository/Page_Login Page/a_Register' is clicked on

24-01-2024T02:59:01 - [MESSAGE][PASSED] - Object: 'Object Repository/Page_Login Page/a_Register' is clicked on

24-01-2024T02:59:01 - [TEST_STEP][PASSED] - setText(findTestObject("Object Repository/Page_Register/input_block px-2 py-3 mt-2 h-52px rounded-l_5154ab"), "safarina lutfiyya"): Text 'safarina lutfiyya' is set on object 'Object Repository/Page_Register/input_block px-2 py-3 mt-2 h-52px rounded-l_5154ab'

24-01-2024T02:59:01 - [MESSAGE][PASSED] - Text 'safarina lutfiyya' is set on object 'Object Repository/Page_Register/input_block px-2 py-3 mt-2 h-52px rounded-l_5154ab'

24-01-2024T02:59:01 - [TEST_STEP][PASSED] - setText(findTestObject("Object Repository/Page_Register/input_block px-2 py-3 mt-2 h-52px rounded-l_5154ab_1"), "safarina01"): Text 'safarina01' is set on object 'Object Repository/Page_Register/input_block px-2 py-3 mt-2 h-52px rounded-l_5154ab_1'

24-01-2024T02:59:02 - [MESSAGE][PASSED] - Text 'safarina01' is set on object 'Object Repository/Page_Register/input_block px-2 py-3 mt-2 h-52px rounded-l_5154ab_1'

24-01-2024T02:59:02 - [TEST_STEP][PASSED] - setText(findTestObject("Object Repository/Page_Register/input_block px-2 py-3 mt-2 h-52px rounded-l_5154ab_1_2"), "safarinalutfi01"): Text 'safarinalutfi01' is set on object 'Object Repository/Page_Register/input_block px-2 py-3 mt-2 h-52px rounded-l_5154ab_1_2'

24-01-2024T02:59:03 - [MESSAGE][PASSED] - Text 'safarinalutfi01' is set on object 'Object Repository/Page_Register/input_block px-2 py-3 mt-2 h-52px rounded-l_5154ab_1_2'

24-01-2024T02:59:03 - [TEST_STEP][PASSED] - setText(findTestObject("Object Repository/Page_Register/input_block px-2 py-3 mt-2 h-52px rounded-l_5154ab_1_2_3"), "safarinalutfi01"): Text 'safarinalutfi01' is set on object 'Object Repository/Page_Register/input_block px-2 py-3 mt-2 h-52px rounded-l_5154ab_1_2_3'

24-01-2024T02:59:04 - [MESSAGE][PASSED] - Text 'safarinalutfi01' is set on object 'Object Repository/Page_Register/input_block px-2 py-3 mt-2 h-52px rounded-l_5154ab_1_2_3'

24-01-2024T02:59:04 - [TEST_STEP][PASSED] - click(findTestObject("Object Repository/Page_Register/button_Register")): Object: 'Object Repository/Page_Register/button_Register' is clicked on

24-01-2024T02:59:04 - [MESSAGE][PASSED] - Object: 'Object Repository/Page_Register/button_Register' is clicked on]]></system-out>
         <system-err><![CDATA[]]></system-err>
      </testcase>
      <testcase name="Test Cases/Register/Register - Required field fill blank" time="33.742" classname="Test Cases/Register/Register - Required field fill blank" status="PASSED">
         <system-out><![CDATA[24-01-2024T02:59:04 - [TEST_CASE][PASSED] - Test Cases/Register/Register - Required field fill blank: Test Cases/Register/Register - Required field fill blank

24-01-2024T02:59:04 - [TEST_STEP][PASSED] - openBrowser(""): Browser is opened with url: ''

24-01-2024T02:59:04 - [MESSAGE][WARNING] - A browser is already opened. Closing browser and opening a new one

24-01-2024T02:59:05 - [MESSAGE][INFO] - Starting 'Chrome' driver

24-01-2024T02:59:05 - [MESSAGE][INFO] - Action delay is set to 0 milliseconds

24-01-2024T02:59:06 - [MESSAGE][PASSED] - Browser is opened with url: ''

24-01-2024T02:59:06 - [TEST_STEP][PASSED] - navigateToUrl("https://qa-interview-test-1.vercel.app/"): Navigate to 'https://qa-interview-test-1.vercel.app/' successfully

24-01-2024T02:59:06 - [MESSAGE][PASSED] - Navigate to 'https://qa-interview-test-1.vercel.app/' successfully

24-01-2024T02:59:06 - [TEST_STEP][PASSED] - click(findTestObject("Object Repository/Page_Register/button_Register")): Object: 'Object Repository/Page_Register/button_Register' is clicked on

24-01-2024T02:59:37 - [MESSAGE][INFO] - Unable to find the element located by 'By.xpath: //div[@id='__next']/div/main/form/section/button'. Please recheck the objects properties to make sure the desired element is located. 

24-01-2024T02:59:37 - [MESSAGE][WARNING] - [SELF-HEALING] Failed to find element with id 'Object Repository/Page_Register/button_Register'. Try using Self-healing.

24-01-2024T02:59:38 - [MESSAGE][WARNING] - [SELF-HEALING] The current locator of test object 'Object Repository/Page_Register/button_Register' was broken. Propose an alternative one: '//button'.

24-01-2024T02:59:38 - [MESSAGE][PASSED] - Object: 'Object Repository/Page_Register/button_Register' is clicked on]]></system-out>
         <system-err><![CDATA[]]></system-err>
      </testcase>
      <testcase name="Test Cases/Register/Register - Required field fill with space" time="6.006" classname="Test Cases/Register/Register - Required field fill with space" status="PASSED">
         <system-out><![CDATA[24-01-2024T02:59:38 - [TEST_CASE][PASSED] - Test Cases/Register/Register - Required field fill with space: Test Cases/Register/Register - Required field fill with space

24-01-2024T02:59:38 - [TEST_STEP][PASSED] - openBrowser(""): Browser is opened with url: ''

24-01-2024T02:59:38 - [MESSAGE][WARNING] - A browser is already opened. Closing browser and opening a new one

24-01-2024T02:59:38 - [MESSAGE][INFO] - Starting 'Chrome' driver

24-01-2024T02:59:38 - [MESSAGE][INFO] - Action delay is set to 0 milliseconds

24-01-2024T02:59:39 - [MESSAGE][PASSED] - Browser is opened with url: ''

24-01-2024T02:59:39 - [TEST_STEP][PASSED] - navigateToUrl("https://qa-interview-test-1.vercel.app/"): Navigate to 'https://qa-interview-test-1.vercel.app/' successfully

24-01-2024T02:59:40 - [MESSAGE][PASSED] - Navigate to 'https://qa-interview-test-1.vercel.app/' successfully

24-01-2024T02:59:40 - [TEST_STEP][PASSED] - click(findTestObject("Object Repository/Page_Login Page/a_Register")): Object: 'Object Repository/Page_Login Page/a_Register' is clicked on

24-01-2024T02:59:41 - [MESSAGE][PASSED] - Object: 'Object Repository/Page_Login Page/a_Register' is clicked on

24-01-2024T02:59:41 - [TEST_STEP][PASSED] - setText(findTestObject("Object Repository/Page_Register/input_block px-2 py-3 mt-2 h-52px rounded-l_5154ab"), " "): Text ' ' is set on object 'Object Repository/Page_Register/input_block px-2 py-3 mt-2 h-52px rounded-l_5154ab'

24-01-2024T02:59:41 - [MESSAGE][PASSED] - Text ' ' is set on object 'Object Repository/Page_Register/input_block px-2 py-3 mt-2 h-52px rounded-l_5154ab'

24-01-2024T02:59:41 - [TEST_STEP][PASSED] - setText(findTestObject("Object Repository/Page_Register/input_block px-2 py-3 mt-2 h-52px rounded-l_5154ab_1"), " "): Text ' ' is set on object 'Object Repository/Page_Register/input_block px-2 py-3 mt-2 h-52px rounded-l_5154ab_1'

24-01-2024T02:59:42 - [MESSAGE][PASSED] - Text ' ' is set on object 'Object Repository/Page_Register/input_block px-2 py-3 mt-2 h-52px rounded-l_5154ab_1'

24-01-2024T02:59:42 - [TEST_STEP][PASSED] - setText(findTestObject("Object Repository/Page_Register/input_block px-2 py-3 mt-2 h-52px rounded-l_5154ab_1_2"), " "): Text ' ' is set on object 'Object Repository/Page_Register/input_block px-2 py-3 mt-2 h-52px rounded-l_5154ab_1_2'

24-01-2024T02:59:43 - [MESSAGE][PASSED] - Text ' ' is set on object 'Object Repository/Page_Register/input_block px-2 py-3 mt-2 h-52px rounded-l_5154ab_1_2'

24-01-2024T02:59:43 - [TEST_STEP][PASSED] - setText(findTestObject("Object Repository/Page_Register/input_block px-2 py-3 mt-2 h-52px rounded-l_5154ab_1_2_3"), " "): Text ' ' is set on object 'Object Repository/Page_Register/input_block px-2 py-3 mt-2 h-52px rounded-l_5154ab_1_2_3'

24-01-2024T02:59:43 - [MESSAGE][PASSED] - Text ' ' is set on object 'Object Repository/Page_Register/input_block px-2 py-3 mt-2 h-52px rounded-l_5154ab_1_2_3'

24-01-2024T02:59:43 - [TEST_STEP][PASSED] - click(findTestObject("Object Repository/Page_Register/button_Register")): Object: 'Object Repository/Page_Register/button_Register' is clicked on

24-01-2024T02:59:44 - [MESSAGE][PASSED] - Object: 'Object Repository/Page_Register/button_Register' is clicked on]]></system-out>
         <system-err><![CDATA[]]></system-err>
      </testcase>
      <testcase name="Test Cases/Register/Register - Name contains special characters" time="5.903" classname="Test Cases/Register/Register - Name contains special characters" status="PASSED">
         <system-out><![CDATA[24-01-2024T02:59:44 - [TEST_CASE][PASSED] - Test Cases/Register/Register - Name contains special characters: Test Cases/Register/Register - Name contains special characters

24-01-2024T02:59:44 - [TEST_STEP][PASSED] - openBrowser(""): Browser is opened with url: ''

24-01-2024T02:59:44 - [MESSAGE][WARNING] - A browser is already opened. Closing browser and opening a new one

24-01-2024T02:59:44 - [MESSAGE][INFO] - Starting 'Chrome' driver

24-01-2024T02:59:44 - [MESSAGE][INFO] - Action delay is set to 0 milliseconds

24-01-2024T02:59:45 - [MESSAGE][PASSED] - Browser is opened with url: ''

24-01-2024T02:59:45 - [TEST_STEP][PASSED] - navigateToUrl("https://qa-interview-test-1.vercel.app/"): Navigate to 'https://qa-interview-test-1.vercel.app/' successfully

24-01-2024T02:59:46 - [MESSAGE][PASSED] - Navigate to 'https://qa-interview-test-1.vercel.app/' successfully

24-01-2024T02:59:46 - [TEST_STEP][PASSED] - click(findTestObject("Object Repository/Page_Login Page/a_Register")): Object: 'Object Repository/Page_Login Page/a_Register' is clicked on

24-01-2024T02:59:46 - [MESSAGE][PASSED] - Object: 'Object Repository/Page_Login Page/a_Register' is clicked on

24-01-2024T02:59:46 - [TEST_STEP][PASSED] - setText(findTestObject("Object Repository/Page_Register/input_block px-2 py-3 mt-2 h-52px rounded-l_5154ab"), "safarina lutfi01:&"): Text 'safarina lutfi01:&' is set on object 'Object Repository/Page_Register/input_block px-2 py-3 mt-2 h-52px rounded-l_5154ab'

24-01-2024T02:59:47 - [MESSAGE][PASSED] - Text 'safarina lutfi01:&' is set on object 'Object Repository/Page_Register/input_block px-2 py-3 mt-2 h-52px rounded-l_5154ab'

24-01-2024T02:59:47 - [TEST_STEP][PASSED] - setText(findTestObject("Object Repository/Page_Register/input_block px-2 py-3 mt-2 h-52px rounded-l_5154ab_1"), "safarinalutfi"): Text 'safarinalutfi' is set on object 'Object Repository/Page_Register/input_block px-2 py-3 mt-2 h-52px rounded-l_5154ab_1'

24-01-2024T02:59:48 - [MESSAGE][PASSED] - Text 'safarinalutfi' is set on object 'Object Repository/Page_Register/input_block px-2 py-3 mt-2 h-52px rounded-l_5154ab_1'

24-01-2024T02:59:48 - [TEST_STEP][PASSED] - setText(findTestObject("Object Repository/Page_Register/input_block px-2 py-3 mt-2 h-52px rounded-l_5154ab_1_2"), "safarina01"): Text 'safarina01' is set on object 'Object Repository/Page_Register/input_block px-2 py-3 mt-2 h-52px rounded-l_5154ab_1_2'

24-01-2024T02:59:49 - [MESSAGE][PASSED] - Text 'safarina01' is set on object 'Object Repository/Page_Register/input_block px-2 py-3 mt-2 h-52px rounded-l_5154ab_1_2'

24-01-2024T02:59:49 - [TEST_STEP][PASSED] - setText(findTestObject("Object Repository/Page_Register/input_block px-2 py-3 mt-2 h-52px rounded-l_5154ab_1_2_3"), "safarina01"): Text 'safarina01' is set on object 'Object Repository/Page_Register/input_block px-2 py-3 mt-2 h-52px rounded-l_5154ab_1_2_3'

24-01-2024T02:59:49 - [MESSAGE][PASSED] - Text 'safarina01' is set on object 'Object Repository/Page_Register/input_block px-2 py-3 mt-2 h-52px rounded-l_5154ab_1_2_3'

24-01-2024T02:59:49 - [TEST_STEP][PASSED] - click(findTestObject("Object Repository/Page_Register/button_Register")): Object: 'Object Repository/Page_Register/button_Register' is clicked on

24-01-2024T02:59:50 - [MESSAGE][PASSED] - Object: 'Object Repository/Page_Register/button_Register' is clicked on]]></system-out>
         <system-err><![CDATA[]]></system-err>
      </testcase>
      <testcase name="Test Cases/Register/Register - Password doesnt match with confirm password" time="5.92" classname="Test Cases/Register/Register - Password doesnt match with confirm password" status="PASSED">
         <system-out><![CDATA[24-01-2024T02:59:50 - [TEST_CASE][PASSED] - Test Cases/Register/Register - Password doesnt match with confirm password: Test Cases/Register/Register - Password doesnt match with confirm password

24-01-2024T02:59:50 - [TEST_STEP][PASSED] - openBrowser(""): Browser is opened with url: ''

24-01-2024T02:59:50 - [MESSAGE][WARNING] - A browser is already opened. Closing browser and opening a new one

24-01-2024T02:59:50 - [MESSAGE][INFO] - Starting 'Chrome' driver

24-01-2024T02:59:50 - [MESSAGE][INFO] - Action delay is set to 0 milliseconds

24-01-2024T02:59:51 - [MESSAGE][PASSED] - Browser is opened with url: ''

24-01-2024T02:59:51 - [TEST_STEP][PASSED] - navigateToUrl("https://qa-interview-test-1.vercel.app/"): Navigate to 'https://qa-interview-test-1.vercel.app/' successfully

24-01-2024T02:59:52 - [MESSAGE][PASSED] - Navigate to 'https://qa-interview-test-1.vercel.app/' successfully

24-01-2024T02:59:52 - [TEST_STEP][PASSED] - click(findTestObject("Object Repository/Page_Login Page/a_Register")): Object: 'Object Repository/Page_Login Page/a_Register' is clicked on

24-01-2024T02:59:52 - [MESSAGE][PASSED] - Object: 'Object Repository/Page_Login Page/a_Register' is clicked on

24-01-2024T02:59:52 - [TEST_STEP][PASSED] - setText(findTestObject("Object Repository/Page_Register/input_block px-2 py-3 mt-2 h-52px rounded-l_5154ab"), "safarina lutfi"): Text 'safarina lutfi' is set on object 'Object Repository/Page_Register/input_block px-2 py-3 mt-2 h-52px rounded-l_5154ab'

24-01-2024T02:59:53 - [MESSAGE][PASSED] - Text 'safarina lutfi' is set on object 'Object Repository/Page_Register/input_block px-2 py-3 mt-2 h-52px rounded-l_5154ab'

24-01-2024T02:59:53 - [TEST_STEP][PASSED] - setText(findTestObject("Object Repository/Page_Register/input_block px-2 py-3 mt-2 h-52px rounded-l_5154ab_1"), "safarina01"): Text 'safarina01' is set on object 'Object Repository/Page_Register/input_block px-2 py-3 mt-2 h-52px rounded-l_5154ab_1'

24-01-2024T02:59:54 - [MESSAGE][PASSED] - Text 'safarina01' is set on object 'Object Repository/Page_Register/input_block px-2 py-3 mt-2 h-52px rounded-l_5154ab_1'

24-01-2024T02:59:54 - [TEST_STEP][PASSED] - setText(findTestObject("Object Repository/Page_Register/input_block px-2 py-3 mt-2 h-52px rounded-l_5154ab_1_2"), "safarina01"): Text 'safarina01' is set on object 'Object Repository/Page_Register/input_block px-2 py-3 mt-2 h-52px rounded-l_5154ab_1_2'

24-01-2024T02:59:55 - [MESSAGE][PASSED] - Text 'safarina01' is set on object 'Object Repository/Page_Register/input_block px-2 py-3 mt-2 h-52px rounded-l_5154ab_1_2'

24-01-2024T02:59:55 - [TEST_STEP][PASSED] - setText(findTestObject("Object Repository/Page_Register/input_block px-2 py-3 mt-2 h-52px rounded-l_5154ab_1_2_3"), "safarina02"): Text 'safarina02' is set on object 'Object Repository/Page_Register/input_block px-2 py-3 mt-2 h-52px rounded-l_5154ab_1_2_3'

24-01-2024T02:59:55 - [MESSAGE][PASSED] - Text 'safarina02' is set on object 'Object Repository/Page_Register/input_block px-2 py-3 mt-2 h-52px rounded-l_5154ab_1_2_3'

24-01-2024T02:59:55 - [TEST_STEP][PASSED] - click(findTestObject("Object Repository/Page_Register/button_Register")): Object: 'Object Repository/Page_Register/button_Register' is clicked on

24-01-2024T02:59:56 - [MESSAGE][PASSED] - Object: 'Object Repository/Page_Register/button_Register' is clicked on]]></system-out>
         <system-err><![CDATA[]]></system-err>
      </testcase>
      <system-out><![CDATA[24-01-2024T02:58:56 - [TEST_SUITE][PASSED] - Register: Test Cases/Register/Register - Password doesnt match with confirm password]]></system-out>
      <system-err><![CDATA[]]></system-err>
   </testsuite>
</testsuites>
